[2025-08-02 17:50:29] [INFO] Checking system requirements...
[2025-08-02 17:50:29] [INFO] System requirements check passed
[2025-08-02 17:50:29] [INFO] Discovering STIG rules in: ./rules/core
[2025-08-02 17:50:29] [INFO] Found 12 rule files
[2025-08-02 17:50:29] [INFO] Discovering STIG rules in: ./rules/custom
[2025-08-02 17:50:29] [INFO] Found 0 rule files
[2025-08-02 17:50:29] [INFO] Starting STIG rule execution...
[2025-08-02 17:50:29] [INFO] Starting STIG assessment with 12 rules
[2025-08-02 17:50:29] [INFO] Rule completed: WN11-AU-000010 - Error
[2025-08-02 17:50:30] [INFO] Rule completed: WN11-SO-000001 - Error
[2025-08-02 17:50:30] [INFO] Rule completed: WN11-SO-000005 - Error
[2025-08-02 17:50:30] [INFO] Rule completed: WN11-SO-000010 - Error
[2025-08-02 17:50:30] [INFO] Rule completed: WN11-SO-000015 - Non-Compliant
[2025-08-02 17:50:40] [INFO] Rule completed: WN11-SO-000020 - Error
[2025-08-02 17:50:40] [INFO] Rule completed: WN11-SO-000025 - Error
[2025-08-02 17:50:41] [INFO] Rule completed: WN11-SO-000030 - Non-Compliant
[2025-08-02 17:50:41] [INFO] Rule completed: WN11-SO-000035 - Error
[2025-08-02 17:50:41] [INFO] Rule completed: WN11-SO-000040 - Compliant
[2025-08-02 17:50:41] [INFO] Rule completed: WN11-SO-000045 - Non-Compliant
[2025-08-02 17:50:41] [INFO] Rule completed: WN11-SO-000050 - Non-Compliant
[2025-08-02 17:50:41] [INFO] Assessment completed: 1 compliant, 4 non-compliant, 7 errors
[2025-08-02 17:50:41] [INFO] JSON report exported: .\reports\STIG-Assessment-20250802-175041.json
[2025-08-02 17:50:41] [INFO] Generating HTML report...
[2025-08-02 17:50:41] [ERROR] Failed to generate HTML report: Cannot bind argument to parameter 'Path' because it is null.
[2025-08-02 17:50:41] [INFO] CSV report exported: .\reports\STIG-Assessment-20250802-175041.csv
[2025-08-02 17:50:41] [INFO] Assessment completed successfully
[2025-08-02 18:04:37] [INFO] Checking system requirements...
[2025-08-02 18:04:38] [INFO] System requirements check passed
[2025-08-02 18:04:38] [INFO] Discovering STIG rules in: ./rules/core
[2025-08-02 18:04:38] [INFO] Found 12 rule files
[2025-08-02 18:04:38] [INFO] Discovering STIG rules in: ./rules/custom
[2025-08-02 18:04:38] [INFO] Found 0 rule files
[2025-08-02 18:04:38] [INFO] Starting STIG rule execution...
[2025-08-02 18:04:38] [INFO] Starting STIG assessment with 12 rules
[2025-08-02 18:04:38] [INFO] Rule completed: WN11-AU-000010 - Error
[2025-08-02 18:04:38] [INFO] Rule completed: WN11-SO-000001 - Error
[2025-08-02 18:04:38] [INFO] Rule completed: WN11-SO-000005 - Error
[2025-08-02 18:04:38] [INFO] Rule completed: WN11-SO-000010 - Error
[2025-08-02 18:04:38] [INFO] Rule completed: WN11-SO-000015 - Non-Compliant
[2025-08-02 18:04:48] [INFO] Rule completed: WN11-SO-000020 - Error
[2025-08-02 18:04:48] [INFO] Rule completed: WN11-SO-000025 - Error
[2025-08-02 18:04:49] [INFO] Rule completed: WN11-SO-000030 - Non-Compliant
[2025-08-02 18:04:49] [INFO] Rule completed: WN11-SO-000035 - Error
[2025-08-02 18:04:49] [INFO] Rule completed: WN11-SO-000040 - Compliant
[2025-08-02 18:04:49] [INFO] Rule completed: WN11-SO-000045 - Non-Compliant
[2025-08-02 18:04:49] [INFO] Rule completed: WN11-SO-000050 - Non-Compliant
[2025-08-02 18:04:49] [INFO] Assessment completed: 1 compliant, 4 non-compliant, 7 errors
[2025-08-02 18:04:49] [ERROR] Failed to generate SUMMARY report: The term 'Generate-SummaryReport' is not recognized as the name of a cmdlet, function, script file, or operable program. Check the spelling of the name, or if a path was included, verify that the path is correct and try again.
[2025-08-02 18:04:49] [INFO] Assessment completed successfully
[2025-08-02 18:07:47] [INFO] Checking system requirements...
[2025-08-02 18:07:48] [INFO] System requirements check passed
[2025-08-02 18:07:48] [INFO] Discovering STIG rules in: ./rules/core
[2025-08-02 18:07:48] [INFO] Found 12 rule files
[2025-08-02 18:07:48] [INFO] Discovering STIG rules in: ./rules/custom
[2025-08-02 18:07:48] [INFO] Found 0 rule files
[2025-08-02 18:07:48] [INFO] Starting STIG rule execution...
[2025-08-02 18:07:48] [INFO] Starting STIG assessment with 12 rules
[2025-08-02 18:07:48] [INFO] Rule completed: WN11-AU-000010 - Error
[2025-08-02 18:07:48] [INFO] Rule completed: WN11-SO-000001 - Error
[2025-08-02 18:07:48] [INFO] Rule completed: WN11-SO-000005 - Error
[2025-08-02 18:07:48] [INFO] Rule completed: WN11-SO-000010 - Error
[2025-08-02 18:07:48] [INFO] Rule completed: WN11-SO-000015 - Non-Compliant
[2025-08-02 18:07:58] [INFO] Rule completed: WN11-SO-000020 - Error
[2025-08-02 18:07:58] [INFO] Rule completed: WN11-SO-000025 - Error
[2025-08-02 18:07:59] [INFO] Rule completed: WN11-SO-000030 - Non-Compliant
[2025-08-02 18:07:59] [INFO] Rule completed: WN11-SO-000035 - Error
[2025-08-02 18:07:59] [INFO] Rule completed: WN11-SO-000040 - Compliant
[2025-08-02 18:07:59] [INFO] Rule completed: WN11-SO-000045 - Non-Compliant
[2025-08-02 18:07:59] [INFO] Rule completed: WN11-SO-000050 - Non-Compliant
[2025-08-02 18:07:59] [INFO] Assessment completed: 1 compliant, 4 non-compliant, 7 errors
[2025-08-02 18:07:59] [INFO] Summary report exported: .\reports\STIG-Assessment-20250802-180759-summary.md
[2025-08-02 18:07:59] [INFO] Assessment completed successfully
[2025-08-02 18:08:21] [INFO] Checking system requirements...
[2025-08-02 18:08:21] [INFO] System requirements check passed
[2025-08-02 18:08:21] [INFO] Discovering STIG rules in: ./rules/core
[2025-08-02 18:08:21] [INFO] Found 12 rule files
[2025-08-02 18:08:21] [INFO] Discovering STIG rules in: ./rules/custom
[2025-08-02 18:08:21] [INFO] Found 0 rule files
[2025-08-02 18:08:21] [INFO] Starting STIG rule execution...
[2025-08-02 18:08:21] [INFO] Starting STIG assessment with 12 rules
[2025-08-02 18:08:21] [INFO] Rule completed: WN11-AU-000010 - Error
[2025-08-02 18:08:21] [INFO] Rule completed: WN11-SO-000001 - Error
[2025-08-02 18:08:21] [INFO] Rule completed: WN11-SO-000005 - Error
[2025-08-02 18:08:21] [INFO] Rule completed: WN11-SO-000010 - Error
[2025-08-02 18:08:21] [INFO] Rule completed: WN11-SO-000015 - Non-Compliant
[2025-08-02 18:08:31] [INFO] Rule completed: WN11-SO-000020 - Error
[2025-08-02 18:08:32] [INFO] Rule completed: WN11-SO-000025 - Error
[2025-08-02 18:08:32] [INFO] Rule completed: WN11-SO-000030 - Non-Compliant
[2025-08-02 18:08:32] [INFO] Rule completed: WN11-SO-000035 - Error
[2025-08-02 18:08:32] [INFO] Rule completed: WN11-SO-000040 - Compliant
[2025-08-02 18:08:32] [INFO] Rule completed: WN11-SO-000045 - Non-Compliant
[2025-08-02 18:08:32] [INFO] Rule completed: WN11-SO-000050 - Non-Compliant
[2025-08-02 18:08:32] [INFO] Assessment completed: 1 compliant, 4 non-compliant, 7 errors
[2025-08-02 18:08:32] [INFO] Executive report exported: .\reports\STIG-Assessment-20250802-180832-executive.md
[2025-08-02 18:08:32] [INFO] Assessment completed successfully
[2025-08-02 18:08:53] [INFO] Checking system requirements...
[2025-08-02 18:08:53] [INFO] System requirements check passed
[2025-08-02 18:08:53] [INFO] Discovering STIG rules in: ./rules/core
[2025-08-02 18:08:53] [INFO] Found 12 rule files
[2025-08-02 18:08:53] [INFO] Discovering STIG rules in: ./rules/custom
[2025-08-02 18:08:53] [INFO] Found 0 rule files
[2025-08-02 18:08:53] [INFO] Starting STIG rule execution...
[2025-08-02 18:08:53] [INFO] Starting STIG assessment with 12 rules
[2025-08-02 18:08:53] [INFO] Rule completed: WN11-AU-000010 - Error
[2025-08-02 18:08:53] [INFO] Rule completed: WN11-SO-000001 - Error
[2025-08-02 18:08:53] [INFO] Rule completed: WN11-SO-000005 - Error
[2025-08-02 18:08:54] [INFO] Rule completed: WN11-SO-000010 - Error
[2025-08-02 18:08:54] [INFO] Rule completed: WN11-SO-000015 - Non-Compliant
[2025-08-02 18:09:04] [INFO] Rule completed: WN11-SO-000020 - Error
[2025-08-02 18:09:04] [INFO] Rule completed: WN11-SO-000025 - Error
[2025-08-02 18:09:04] [INFO] Rule completed: WN11-SO-000030 - Non-Compliant
[2025-08-02 18:09:04] [INFO] Rule completed: WN11-SO-000035 - Error
[2025-08-02 18:09:04] [INFO] Rule completed: WN11-SO-000040 - Compliant
[2025-08-02 18:09:04] [INFO] Rule completed: WN11-SO-000045 - Non-Compliant
[2025-08-02 18:09:04] [INFO] Rule completed: WN11-SO-000050 - Non-Compliant
[2025-08-02 18:09:04] [INFO] Assessment completed: 1 compliant, 4 non-compliant, 7 errors
[2025-08-02 18:09:04] [INFO] Summary report exported: .\reports\STIG-Assessment-20250802-180904-summary.md
[2025-08-02 18:09:04] [INFO] Assessment completed successfully
